<?xml version="1.0" encoding="UTF-8"?>
<!-- Generated by org.testng.reporters.JUnitReportReporter -->
<testsuite hostname="Aaryan-PC" failures="0" tests="3" name="utils.ExcelUtility" time="0.018" errors="0" timestamp="2024-01-16T21:23:56 IST" skipped="0">
  <testcase classname="utils.ExcelUtility" name="readdata" time="0.002"/>
  <testcase classname="utils.ExcelUtility" name="readdata" time="0.002"/>
  <testcase classname="utils.ExcelUtility" name="readdata" time="0.014"/>
</testsuite> <!-- utils.ExcelUtility -->
