<?xml version="1.0" encoding="UTF-8"?>
<!-- Generated by org.testng.reporters.JUnitReportReporter -->
<testsuite hostname="Aaryan-PC" failures="0" tests="3" name="dbconfig.ArrayListClass" time="0.010" errors="0" timestamp="2024-01-13T09:15:05 IST" skipped="0">
  <testcase classname="dbconfig.ArrayListClass" name="main" time="0.002"/>
  <testcase classname="dbconfig.ArrayListClass" name="main" time="0.008"/>
  <testcase classname="dbconfig.ArrayListClass" name="main" time="0.000"/>
</testsuite> <!-- dbconfig.ArrayListClass -->
