<?xml version="1.0" encoding="UTF-8"?>
<!-- Generated by org.testng.reporters.JUnitReportReporter -->
<testsuite hostname="Aaryan-PC" failures="0" tests="1" name="selenium_grid.ChromeClass" time="10.415" errors="0" timestamp="2024-01-12T21:54:23 IST" skipped="0">
  <testcase classname="selenium_grid.ChromeClass" name="chromeTest" time="10.415"/>
</testsuite> <!-- selenium_grid.ChromeClass -->
