<?xml version="1.0" encoding="UTF-8"?>
<!-- Generated by org.testng.reporters.JUnitReportReporter -->
<testsuite hostname="Aaryan-PC" failures="0" tests="1" name="selenium_grid.FireFoxClass" time="10.478" errors="0" timestamp="2024-01-12T21:54:23 IST" skipped="0">
  <testcase classname="selenium_grid.FireFoxClass" name="firefoxTest" time="10.478"/>
</testsuite> <!-- selenium_grid.FireFoxClass -->
